Tue Nov 08 11:34:18 ACDT 2016 : Apache Derby Network Server - 10.9.1.0 - (1344872) started and ready to accept connections on port 1527
----------------------------------------------------------------
Tue Nov 08 11:34:18 ACDT 2016:
Booting Derby version The Apache Software Foundation - Apache Derby - 10.9.1.0 - (1344872): instance a816c00e-0158-4176-dc22-ffffbfed043f 
on database directory C:\Users\Hari\Documents\NetBeansProjects\GroupProject\QuizDB  with class loader sun.misc.Launcher$AppClassLoader@6f94fa3e 
Loaded from file:/C:/Program%20Files/glassfish-4.0/javadb/lib/derby.jar
java.vendor=Oracle Corporation
java.runtime.version=1.8.0_111-b14
user.dir=C:\Program Files\glassfish-4.0\javadb
derby.system.home=C:\Users\Hari\Documents\NetBeansProjects\GroupProject
Database Class Loader started - derby.database.classpath=''
----------------------------------------------------------------
Tue Nov 08 11:34:21 ACDT 2016:
Shutting down instance a816c00e-0158-4176-dc22-ffffbfed043f on database directory C:\Users\Hari\Documents\NetBeansProjects\GroupProject\QuizDB with class loader sun.misc.Launcher$AppClassLoader@6f94fa3e 
Tue Nov 08 11:34:21 ACDT 2016 Thread[DRDAConnThread_4,5,main] (DATABASE = QuizDB), (DRDAID = {2}), Database 'QuizDB' shutdown.
----------------------------------------------------------------
Tue Nov 08 12:32:15 ACDT 2016:
Booting Derby version The Apache Software Foundation - Apache Derby - 10.9.1.0 - (1344872): instance 4d3680a5-0158-4176-dc22-ffffbfed043f 
on database directory C:\Users\Hari\Documents\NetBeansProjects\GroupProject\QuizDB  with class loader sun.misc.Launcher$AppClassLoader@6f94fa3e 
Loaded from file:/C:/Program%20Files/glassfish-4.0/javadb/lib/derby.jar
java.vendor=Oracle Corporation
java.runtime.version=1.8.0_111-b14
user.dir=C:\Program Files\glassfish-4.0\javadb
derby.system.home=C:\Users\Hari\Documents\NetBeansProjects\GroupProject
Database Class Loader started - derby.database.classpath=''
